<?xml version="1.0" encoding="UTF-8"?>
<!-- Generated by org.testng.reporters.JUnitReportReporter -->
<testsuite skipped="0" hostname="DESKTOP-KI73JF1" name="com.testsuite_regression.TC_TP_098" tests="3" failures="0" timestamp="01 Oct 2018 14:17:50 GMT" time="44.987" errors="0">
  <testcase name="loginTest" time="16.662" classname="com.testsuite_regression.TC_TP_098"/>
  <testcase name="NewBidWorkflow" time="16.639" classname="com.testsuite_regression.TC_TP_098"/>
  <testcase name="loginTest1" time="11.686" classname="com.testsuite_regression.TC_TP_098"/>
</testsuite> <!-- com.testsuite_regression.TC_TP_098 -->
