<?xml version="1.0" encoding="UTF-8"?>
<!-- Generated by org.testng.reporters.JUnitReportReporter -->
<testsuite skipped="0" hostname="DESKTOP-KI73JF1" name="com.testsuite_regression.TP_TC_119" tests="1" failures="0" timestamp="01 Oct 2018 19:34:15 GMT" time="15.336" errors="0">
  <testcase name="SearchPlugs" time="15.336" classname="com.testsuite_regression.TP_TC_119"/>
</testsuite> <!-- com.testsuite_regression.TP_TC_119 -->
