<?xml version="1.0" encoding="UTF-8"?>
<!-- Generated by org.testng.reporters.JUnitReportReporter -->
<testsuite skipped="0" hostname="LAPTOP-G2SQ9GRV" name="com.testsuite_regression.TP_TC_012" tests="1" failures="0" timestamp="12 Dec 2018 17:38:49 GMT" time="5.196" errors="0">
  <testcase name="LandingPageFooterLinks" time="5.196" classname="com.testsuite_regression.TP_TC_012"/>
</testsuite> <!-- com.testsuite_regression.TP_TC_012 -->
